Sku : MS504-001 success 
Sku : MS504-002 success 
Sku : MS521-001 success 
Sku : MS517-001 success 
Sku : MS517-002 success 
SKU MX505-001  no exist 
Sku : MX522-001 success 
Sku : MX522-002 success 
Sku : MW523-001 success 
1---------
Sku : MX600-001 success 
Sku : MS616ST-001 success 
Sku : MX661-001 success 
Sku : MX662-001 success 
Sku : MW663-001 success 
Sku : MX620ST-001 success 
SKU MW621ST-001  no exist 
SKU MH680-001  no exist 
2---------
Sku : GP20-001 success 
3---------
Sku : W770ST-001 success 
Sku : W1070-001 success 
Sku : W1080ST-001 success 
Sku : W1500-001 success 
4---------
Sku : W7500-001 success 
5---------
Sku : MX819ST-001 success 
SKU MX823ST-001  no exist 
Sku : MW821ST-001 success 
Sku : MW820ST-001 success 
Sku : MW817ST-001 success 
Sku : MW824ST-001 success 
Sku : MW870UST-001 success 
Sku : MW851UST-001 success 
Sku : MX822ST-001 success 
6---------
Sku : LW61ST-001 success 
7---------
SKU MX701-001  no exist 
SKU MX703-001  no exist 
Sku : MX720-001 success 
Sku : MW721-001 success 
Sku : MX722-001 success 
Sku : MX768-001 success 
Sku : MW769-001 success 
Sku : MX766-001 success 
Sku : MW767-001 success 
Sku : MH740-001 success 
8---------
Sku : SX912-001 success 
Sku : SW916-001 success 
Sku : SX914-001 success 
Sku : SH910-001 success 
9---------
Sku : SH940-001 success 
Sku : SH960-001 success 
SKU SH963-001  no exist 
10---------
SKU PW9500-001  no exist 
SKU PX9600-001  no exist 
11---------
Sku : GW2255-001 success 
12---------
Sku : VW2235H-001 success 
Sku : GL2460HM-001 success 
13---------
Sku : VW2430H-001 success 
Sku : EW2440L-001 success 
Sku : RL2460HT-001 success 
Sku : RL2455HM-001 success 
Sku : XL2411Z-001 success 
Sku : GL2760H-001 success 
SKU GW2760HS-001  no exist 
SKU GW2750HM-001  no exist 
14---------
Sku : EW2740L-001 success 
Sku : XL2420Z-001 success 
15---------
Sku : XL2720Z-001 success 
16---------
Sku : BL2710PT-001 success 
17---------
Sku : PG2401PT-001 success 
Sku : BL3200PT-001 success 
